# JRE version: Java(TM) SE Runtime Environment (8.0_161-b12) (build 1.8.0_161-b12)
# Java VM: Java HotSpot(TM) Client VM (25.161-b12 mixed mode windows-x86 )
Heap:
 def new generation   total 15232K, used 1949K [0x03c00000, 0x04c80000, 0x09150000)
  eden space 13568K,   9% used [0x03c00000, 0x03d4c160, 0x04940000)
  from space 1664K,  37% used [0x04ae0000, 0x04b7b4f8, 0x04c80000)
  to   space 1664K,   0% used [0x04940000, 0x04940000, 0x04ae0000)
 tenured generation   total 33748K, used 31952K [0x09150000, 0x0b245000, 0x13c00000)
   the space 33748K,  94% used [0x09150000, 0x0b0843d0, 0x0b084400, 0x0b245000)
 Metaspace       used 14422K, capacity 15069K, committed 15104K, reserved 15744K
GC Heap History (10 events):
Event: 153.738 GC heap before
{Heap before GC invocations=12 (full 2):
 def new generation   total 15232K, used 13568K [0x03c00000, 0x04c80000, 0x09150000)
  eden space 13568K, 100% used [0x03c00000, 0x04940000, 0x04940000)
  from space 1664K,   0% used [0x04940000, 0x04940000, 0x04ae0000)
  to   space 1664K,   0% used [0x04ae0000, 0x04ae0000, 0x04c80000)
 tenured generation   total 33748K, used 20247K [0x09150000, 0x0b245000, 0x13c00000)
   the space 33748K,  59% used [0x09150000, 0x0a515d98, 0x0a515e00, 0x0b245000)
 Metaspace       used 14397K, capacity 15061K, committed 15104K, reserved 15744K
Event: 153.748 GC heap after
Heap after GC invocations=13 (full 2):
 def new generation   total 15232K, used 247K [0x03c00000, 0x04c80000, 0x09150000)
  eden space 13568K,   0% used [0x03c00000, 0x03c00000, 0x04940000)
  from space 1664K,  14% used [0x04ae0000, 0x04b1dd58, 0x04c80000)
  to   space 1664K,   0% used [0x04940000, 0x04940000, 0x04ae0000)
 tenured generation   total 33748K, used 24149K [0x09150000, 0x0b245000, 0x13c00000)
   the space 33748K,  71% used [0x09150000, 0x0a8e5500, 0x0a8e5600, 0x0b245000)
 Metaspace       used 14397K, capacity 15061K, committed 15104K, reserved 15744K
}
Event: 255.462 GC heap before
{Heap before GC invocations=13 (full 2):
 def new generation   total 15232K, used 13410K [0x03c00000, 0x04c80000, 0x09150000)
  eden space 13568K,  97% used [0x03c00000, 0x048dae10, 0x04940000)
  from space 1664K,  14% used [0x04ae0000, 0x04b1dd58, 0x04c80000)
  to   space 1664K,   0% used [0x04940000, 0x04940000, 0x04ae0000)
 tenured generation   total 33748K, used 24149K [0x09150000, 0x0b245000, 0x13c00000)
   the space 33748K,  71% used [0x09150000, 0x0a8e5500, 0x0a8e5600, 0x0b245000)
 Metaspace       used 14397K, capacity 15061K, committed 15104K, reserved 15744K
Event: 255.466 GC heap after
Heap after GC invocations=14 (full 2):
 def new generation   total 15232K, used 231K [0x03c00000, 0x04c80000, 0x09150000)
  eden space 13568K,   0% used [0x03c00000, 0x03c00000, 0x04940000)
  from space 1664K,  13% used [0x04940000, 0x04979c70, 0x04ae0000)
  to   space 1664K,   0% used [0x04ae0000, 0x04ae0000, 0x04c80000)
 tenured generation   total 33748K, used 24149K [0x09150000, 0x0b245000, 0x13c00000)
   the space 33748K,  71% used [0x09150000, 0x0a8e5500, 0x0a8e5600, 0x0b245000)
 Metaspace       used 14397K, capacity 15061K, committed 15104K, reserved 15744K
}
Event: 325.000 GC heap before
{Heap before GC invocations=14 (full 2):
 def new generation   total 15232K, used 13799K [0x03c00000, 0x04c80000, 0x09150000)
  eden space 13568K, 100% used [0x03c00000, 0x04940000, 0x04940000)
  from space 1664K,  13% used [0x04940000, 0x04979c70, 0x04ae0000)
  to   space 1664K,   0% used [0x04ae0000, 0x04ae0000, 0x04c80000)
 tenured generation   total 33748K, used 24149K [0x09150000, 0x0b245000, 0x13c00000)
   the space 33748K,  71% used [0x09150000, 0x0a8e5500, 0x0a8e5600, 0x0b245000)
 Metaspace       used 14420K, capacity 15066K, committed 15104K, reserved 15744K
Event: 325.011 GC heap after
Heap after GC invocations=15 (full 2):
 def new generation   total 15232K, used 453K [0x03c00000, 0x04c80000, 0x09150000)
  eden space 13568K,   0% used [0x03c00000, 0x03c00000, 0x04940000)
  from space 1664K,  27% used [0x04ae0000, 0x04b51528, 0x04c80000)
  to   space 1664K,   0% used [0x04940000, 0x04940000, 0x04ae0000)
 tenured generation   total 33748K, used 28051K [0x09150000, 0x0b245000, 0x13c00000)
   the space 33748K,  83% used [0x09150000, 0x0acb4c68, 0x0acb4e00, 0x0b245000)
 Metaspace       used 14420K, capacity 15066K, committed 15104K, reserved 15744K
}
Event: 436.520 GC heap before
{Heap before GC invocations=15 (full 2):
 def new generation   total 15232K, used 14021K [0x03c00000, 0x04c80000, 0x09150000)
  eden space 13568K, 100% used [0x03c00000, 0x04940000, 0x04940000)
  from space 1664K,  27% used [0x04ae0000, 0x04b51528, 0x04c80000)
  to   space 1664K,   0% used [0x04940000, 0x04940000, 0x04ae0000)
 tenured generation   total 33748K, used 28051K [0x09150000, 0x0b245000, 0x13c00000)
   the space 33748K,  83% used [0x09150000, 0x0acb4c68, 0x0acb4e00, 0x0b245000)
 Metaspace       used 14421K, capacity 15066K, committed 15104K, reserved 15744K
Event: 436.525 GC heap after
Heap after GC invocations=16 (full 2):
 def new generation   total 15232K, used 403K [0x03c00000, 0x04c80000, 0x09150000)
  eden space 13568K,   0% used [0x03c00000, 0x03c00000, 0x04940000)
  from space 1664K,  24% used [0x04940000, 0x049a4cd8, 0x04ae0000)
  to   space 1664K,   0% used [0x04ae0000, 0x04ae0000, 0x04c80000)
 tenured generation   total 33748K, used 28051K [0x09150000, 0x0b245000, 0x13c00000)
   the space 33748K,  83% used [0x09150000, 0x0acb4c68, 0x0acb4e00, 0x0b245000)
 Metaspace       used 14421K, capacity 15066K, committed 15104K, reserved 15744K
}
Event: 503.227 GC heap before
{Heap before GC invocations=16 (full 2):
 def new generation   total 15232K, used 13971K [0x03c00000, 0x04c80000, 0x09150000)
  eden space 13568K, 100% used [0x03c00000, 0x04940000, 0x04940000)
  from space 1664K,  24% used [0x04940000, 0x049a4cd8, 0x04ae0000)
  to   space 1664K,   0% used [0x04ae0000, 0x04ae0000, 0x04c80000)
 tenured generation   total 33748K, used 28051K [0x09150000, 0x0b245000, 0x13c00000)
   the space 33748K,  83% used [0x09150000, 0x0acb4c68, 0x0acb4e00, 0x0b245000)
 Metaspace       used 14422K, capacity 15069K, committed 15104K, reserved 15744K
Event: 503.238 GC heap after
Heap after GC invocations=17 (full 2):
 def new generation   total 15232K, used 621K [0x03c00000, 0x04c80000, 0x09150000)
  eden space 13568K,   0% used [0x03c00000, 0x03c00000, 0x04940000)
  from space 1664K,  37% used [0x04ae0000, 0x04b7b4f8, 0x04c80000)
  to   space 1664K,   0% used [0x04940000, 0x04940000, 0x04ae0000)
 tenured generation   total 33748K, used 31952K [0x09150000, 0x0b245000, 0x13c00000)
   the space 33748K,  94% used [0x09150000, 0x0b0843d0, 0x0b084400, 0x0b245000)
 Metaspace       used 14422K, capacity 15069K, committed 15104K, reserved 15744K
}

